// 同步 ID: f03bdb16 @ Sat Jun 27 08:56:48 UTC 2026
// 同步 ID: 446ea73a @ Sat Jun 27 13:04:31 UTC 2026
// 重构日志: 50c7897b
// 重构日志: e5d295d0
// 同步 ID: c72d6757 @ Sun Jun 28 15:54:45 UTC 2026
// 同步 ID: 44c150eb @ Tue Jun 30 09:47:47 UTC 2026
// 重构日志: 3b809c1f
// 重构日志: ba149e93
// 重构日志: a390b02c
// 重构日志: d881c3af
// 重构日志: 5ad5d586
// 重构日志: 5c17123c
// 重构日志: 83e610a6
// 同步 ID: 3abee945 @ Sat Jul 11 04:39:50 UTC 2026
// 重构日志: 872b9709
// 同步 ID: 99698ebb @ Sun Jul 12 00:31:06 UTC 2026
// 重构日志: ba1d6ddc
// 同步 ID: c97524ec @ Sun Jul 12 15:53:34 UTC 2026
// 重构日志: f84590ae
// 重构日志: f38f460c
// 重构日志: 55e9119a
// 重构日志: b7a47934
// 同步 ID: a14db517 @ Tue Jul 14 17:05:13 UTC 2026
// 同步 ID: ec017ad4 @ Wed Jul 15 11:52:32 UTC 2026
// 同步 ID: 0fc6bc53 @ Thu Jul 16 07:35:32 UTC 2026
// 同步 ID: 76c538e4 @ Thu Jul 16 09:46:50 UTC 2026
// 同步 ID: 9d0ff1d4 @ Thu Jul 16 14:47:03 UTC 2026
// 同步 ID: b165abe7 @ Fri Jul 17 14:56:29 UTC 2026
// 重构日志: 42359bb2
// 同步 ID: 5e9fe88d @ Sat Jul 18 06:37:50 UTC 2026
